22:50:16,321  INFO Pieces:37 - Loading image file:/C:/Users/mpue/Documents/workspace/Louze/bin/pieces/pawn_white.png
22:50:16,347  INFO Pieces:37 - Loading image file:/C:/Users/mpue/Documents/workspace/Louze/bin/pieces/knight_white.png
22:50:16,366  INFO Pieces:37 - Loading image file:/C:/Users/mpue/Documents/workspace/Louze/bin/pieces/king_white.png
22:50:16,381  INFO Pieces:37 - Loading image file:/C:/Users/mpue/Documents/workspace/Louze/bin/pieces/bishop_white.png
22:50:16,388  INFO Pieces:37 - Loading image file:/C:/Users/mpue/Documents/workspace/Louze/bin/pieces/rook_white.png
22:50:16,394  INFO Pieces:37 - Loading image file:/C:/Users/mpue/Documents/workspace/Louze/bin/pieces/queen_white.png
22:50:16,398  INFO Pieces:37 - Loading image file:/C:/Users/mpue/Documents/workspace/Louze/bin/pieces/pawn_black.png
22:50:16,402  INFO Pieces:37 - Loading image file:/C:/Users/mpue/Documents/workspace/Louze/bin/pieces/knight_black.png
22:50:16,407  INFO Pieces:37 - Loading image file:/C:/Users/mpue/Documents/workspace/Louze/bin/pieces/king_black.png
22:50:16,414  INFO Pieces:37 - Loading image file:/C:/Users/mpue/Documents/workspace/Louze/bin/pieces/bishop_black.png
22:50:16,421  INFO Pieces:37 - Loading image file:/C:/Users/mpue/Documents/workspace/Louze/bin/pieces/rook_black.png
22:50:16,425  INFO Pieces:37 - Loading image file:/C:/Users/mpue/Documents/workspace/Louze/bin/pieces/queen_black.png
22:52:02,142  INFO Pieces:37 - Loading image file:/C:/Users/mpue/Documents/workspace/Louze/bin/pieces/pawn_white.png
22:52:02,168  INFO Pieces:37 - Loading image file:/C:/Users/mpue/Documents/workspace/Louze/bin/pieces/knight_white.png
22:52:02,188  INFO Pieces:37 - Loading image file:/C:/Users/mpue/Documents/workspace/Louze/bin/pieces/king_white.png
22:52:02,204  INFO Pieces:37 - Loading image file:/C:/Users/mpue/Documents/workspace/Louze/bin/pieces/bishop_white.png
22:52:02,210  INFO Pieces:37 - Loading image file:/C:/Users/mpue/Documents/workspace/Louze/bin/pieces/rook_white.png
22:52:02,216  INFO Pieces:37 - Loading image file:/C:/Users/mpue/Documents/workspace/Louze/bin/pieces/queen_white.png
22:52:02,222  INFO Pieces:37 - Loading image file:/C:/Users/mpue/Documents/workspace/Louze/bin/pieces/pawn_black.png
22:52:02,228  INFO Pieces:37 - Loading image file:/C:/Users/mpue/Documents/workspace/Louze/bin/pieces/knight_black.png
22:52:02,232  INFO Pieces:37 - Loading image file:/C:/Users/mpue/Documents/workspace/Louze/bin/pieces/king_black.png
22:52:02,235  INFO Pieces:37 - Loading image file:/C:/Users/mpue/Documents/workspace/Louze/bin/pieces/bishop_black.png
22:52:02,239  INFO Pieces:37 - Loading image file:/C:/Users/mpue/Documents/workspace/Louze/bin/pieces/rook_black.png
22:52:02,243  INFO Pieces:37 - Loading image file:/C:/Users/mpue/Documents/workspace/Louze/bin/pieces/queen_black.png
22:52:36,687  INFO Pieces:37 - Loading image file:/C:/Users/mpue/Documents/workspace/Louze/bin/pieces/pawn_white.png
22:52:36,723  INFO Pieces:37 - Loading image file:/C:/Users/mpue/Documents/workspace/Louze/bin/pieces/knight_white.png
22:52:36,744  INFO Pieces:37 - Loading image file:/C:/Users/mpue/Documents/workspace/Louze/bin/pieces/king_white.png
22:52:36,756  INFO Pieces:37 - Loading image file:/C:/Users/mpue/Documents/workspace/Louze/bin/pieces/bishop_white.png
22:52:36,762  INFO Pieces:37 - Loading image file:/C:/Users/mpue/Documents/workspace/Louze/bin/pieces/rook_white.png
22:52:36,768  INFO Pieces:37 - Loading image file:/C:/Users/mpue/Documents/workspace/Louze/bin/pieces/queen_white.png
22:52:36,773  INFO Pieces:37 - Loading image file:/C:/Users/mpue/Documents/workspace/Louze/bin/pieces/pawn_black.png
22:52:36,777  INFO Pieces:37 - Loading image file:/C:/Users/mpue/Documents/workspace/Louze/bin/pieces/knight_black.png
22:52:36,781  INFO Pieces:37 - Loading image file:/C:/Users/mpue/Documents/workspace/Louze/bin/pieces/king_black.png
22:52:36,785  INFO Pieces:37 - Loading image file:/C:/Users/mpue/Documents/workspace/Louze/bin/pieces/bishop_black.png
22:52:36,788  INFO Pieces:37 - Loading image file:/C:/Users/mpue/Documents/workspace/Louze/bin/pieces/rook_black.png
22:52:36,792  INFO Pieces:37 - Loading image file:/C:/Users/mpue/Documents/workspace/Louze/bin/pieces/queen_black.png
22:53:07,518  INFO Pieces:37 - Loading image file:/C:/Users/mpue/Documents/workspace/Louze/bin/pieces/pawn_white.png
22:53:07,543  INFO Pieces:37 - Loading image file:/C:/Users/mpue/Documents/workspace/Louze/bin/pieces/knight_white.png
22:53:07,566  INFO Pieces:37 - Loading image file:/C:/Users/mpue/Documents/workspace/Louze/bin/pieces/king_white.png
22:53:07,579  INFO Pieces:37 - Loading image file:/C:/Users/mpue/Documents/workspace/Louze/bin/pieces/bishop_white.png
22:53:07,584  INFO Pieces:37 - Loading image file:/C:/Users/mpue/Documents/workspace/Louze/bin/pieces/rook_white.png
22:53:07,589  INFO Pieces:37 - Loading image file:/C:/Users/mpue/Documents/workspace/Louze/bin/pieces/queen_white.png
22:53:07,594  INFO Pieces:37 - Loading image file:/C:/Users/mpue/Documents/workspace/Louze/bin/pieces/pawn_black.png
22:53:07,598  INFO Pieces:37 - Loading image file:/C:/Users/mpue/Documents/workspace/Louze/bin/pieces/knight_black.png
22:53:07,605  INFO Pieces:37 - Loading image file:/C:/Users/mpue/Documents/workspace/Louze/bin/pieces/king_black.png
22:53:07,612  INFO Pieces:37 - Loading image file:/C:/Users/mpue/Documents/workspace/Louze/bin/pieces/bishop_black.png
22:53:07,618  INFO Pieces:37 - Loading image file:/C:/Users/mpue/Documents/workspace/Louze/bin/pieces/rook_black.png
22:53:07,621  INFO Pieces:37 - Loading image file:/C:/Users/mpue/Documents/workspace/Louze/bin/pieces/queen_black.png
22:55:43,443  INFO Pieces:37 - Loading image file:/C:/Users/mpue/Documents/workspace/Louze/bin/pieces/pawn_white.png
22:55:43,469  INFO Pieces:37 - Loading image file:/C:/Users/mpue/Documents/workspace/Louze/bin/pieces/knight_white.png
22:55:43,493  INFO Pieces:37 - Loading image file:/C:/Users/mpue/Documents/workspace/Louze/bin/pieces/king_white.png
22:55:43,521  INFO Pieces:37 - Loading image file:/C:/Users/mpue/Documents/workspace/Louze/bin/pieces/bishop_white.png
22:55:43,528  INFO Pieces:37 - Loading image file:/C:/Users/mpue/Documents/workspace/Louze/bin/pieces/rook_white.png
22:55:43,533  INFO Pieces:37 - Loading image file:/C:/Users/mpue/Documents/workspace/Louze/bin/pieces/queen_white.png
22:55:43,541  INFO Pieces:37 - Loading image file:/C:/Users/mpue/Documents/workspace/Louze/bin/pieces/pawn_black.png
22:55:43,545  INFO Pieces:37 - Loading image file:/C:/Users/mpue/Documents/workspace/Louze/bin/pieces/knight_black.png
22:55:43,549  INFO Pieces:37 - Loading image file:/C:/Users/mpue/Documents/workspace/Louze/bin/pieces/king_black.png
22:55:43,556  INFO Pieces:37 - Loading image file:/C:/Users/mpue/Documents/workspace/Louze/bin/pieces/bishop_black.png
22:55:43,561  INFO Pieces:37 - Loading image file:/C:/Users/mpue/Documents/workspace/Louze/bin/pieces/rook_black.png
22:55:43,566  INFO Pieces:37 - Loading image file:/C:/Users/mpue/Documents/workspace/Louze/bin/pieces/queen_black.png
22:59:26,834  INFO Pieces:37 - Loading image file:/C:/Users/mpue/Documents/workspace/Louze/bin/pieces/pawn_white.png
22:59:26,864  INFO Pieces:37 - Loading image file:/C:/Users/mpue/Documents/workspace/Louze/bin/pieces/knight_white.png
22:59:26,887  INFO Pieces:37 - Loading image file:/C:/Users/mpue/Documents/workspace/Louze/bin/pieces/king_white.png
22:59:26,899  INFO Pieces:37 - Loading image file:/C:/Users/mpue/Documents/workspace/Louze/bin/pieces/bishop_white.png
22:59:26,905  INFO Pieces:37 - Loading image file:/C:/Users/mpue/Documents/workspace/Louze/bin/pieces/rook_white.png
22:59:26,909  INFO Pieces:37 - Loading image file:/C:/Users/mpue/Documents/workspace/Louze/bin/pieces/queen_white.png
22:59:26,914  INFO Pieces:37 - Loading image file:/C:/Users/mpue/Documents/workspace/Louze/bin/pieces/pawn_black.png
22:59:26,917  INFO Pieces:37 - Loading image file:/C:/Users/mpue/Documents/workspace/Louze/bin/pieces/knight_black.png
22:59:26,921  INFO Pieces:37 - Loading image file:/C:/Users/mpue/Documents/workspace/Louze/bin/pieces/king_black.png
22:59:26,925  INFO Pieces:37 - Loading image file:/C:/Users/mpue/Documents/workspace/Louze/bin/pieces/bishop_black.png
22:59:26,930  INFO Pieces:37 - Loading image file:/C:/Users/mpue/Documents/workspace/Louze/bin/pieces/rook_black.png
22:59:26,934  INFO Pieces:37 - Loading image file:/C:/Users/mpue/Documents/workspace/Louze/bin/pieces/queen_black.png
11:04:36,006  INFO Pieces:37 - Loading image file:/C:/Users/mpue/Documents/workspace/Louze/bin/pieces/pawn_white.png
11:04:36,040  INFO Pieces:37 - Loading image file:/C:/Users/mpue/Documents/workspace/Louze/bin/pieces/knight_white.png
11:04:36,060  INFO Pieces:37 - Loading image file:/C:/Users/mpue/Documents/workspace/Louze/bin/pieces/king_white.png
11:04:36,076  INFO Pieces:37 - Loading image file:/C:/Users/mpue/Documents/workspace/Louze/bin/pieces/bishop_white.png
11:04:36,081  INFO Pieces:37 - Loading image file:/C:/Users/mpue/Documents/workspace/Louze/bin/pieces/rook_white.png
11:04:36,087  INFO Pieces:37 - Loading image file:/C:/Users/mpue/Documents/workspace/Louze/bin/pieces/queen_white.png
11:04:36,092  INFO Pieces:37 - Loading image file:/C:/Users/mpue/Documents/workspace/Louze/bin/pieces/pawn_black.png
11:04:36,096  INFO Pieces:37 - Loading image file:/C:/Users/mpue/Documents/workspace/Louze/bin/pieces/knight_black.png
11:04:36,100  INFO Pieces:37 - Loading image file:/C:/Users/mpue/Documents/workspace/Louze/bin/pieces/king_black.png
11:04:36,104  INFO Pieces:37 - Loading image file:/C:/Users/mpue/Documents/workspace/Louze/bin/pieces/bishop_black.png
11:04:36,107  INFO Pieces:37 - Loading image file:/C:/Users/mpue/Documents/workspace/Louze/bin/pieces/rook_black.png
11:04:36,111  INFO Pieces:37 - Loading image file:/C:/Users/mpue/Documents/workspace/Louze/bin/pieces/queen_black.png
